INFO - 2019-08-15 - 00:21:50 - Log4J - HV000001: Hibernate Validator 6.0.2.Final 
INFO - 2019-08-15 - 00:21:50 - Log4J - items cart quantity negative 
INFO - 2019-08-15 - 00:21:50 - Log4J - items cart price negative 
INFO - 2019-08-15 - 00:21:50 - Log4J - items cart product id not empty test 
INFO - 2019-08-15 - 00:21:50 - Log4J - userNameIsEmpty 
INFO - 2019-08-15 - 00:21:50 - Log4J - getNameFirstProperty 
INFO - 2019-08-15 - 00:21:50 - Log4J - userEmailIsEmpty 
INFO - 2019-08-15 - 00:21:50 - Log4J - getNameFirstProperty 
INFO - 2019-08-15 - 00:21:50 - Log4J - userEmailNotValid 
INFO - 2019-08-15 - 00:21:51 - Log4J - getNameFirstProperty 
INFO - 2019-08-15 - 00:21:51 - Log4J - userPasswordIsEmpty 
INFO - 2019-08-15 - 00:21:51 - Log4J - getNameFirstProperty 
INFO - 2019-08-15 - 00:21:51 - Log4J - userPasswordIsNotValid 
INFO - 2019-08-15 - 00:21:51 - Log4J - getNameFirstProperty 
INFO - 2019-08-15 - 00:21:51 - Log4J - cart user id not empty test 
INFO - 2019-08-15 - 00:21:51 - Log4J - cart total price is negative 
INFO - 2019-08-15 - 00:31:07 - Log4J - HV000001: Hibernate Validator 6.0.2.Final 
INFO - 2019-08-15 - 00:31:08 - Log4J - items cart quantity negative 
INFO - 2019-08-15 - 00:31:08 - Log4J - items cart price negative 
INFO - 2019-08-15 - 00:31:08 - Log4J - items cart product id not empty test 
INFO - 2019-08-15 - 00:31:08 - Log4J - userNameIsEmpty 
INFO - 2019-08-15 - 00:31:08 - Log4J - getNameFirstProperty 
INFO - 2019-08-15 - 00:31:08 - Log4J - userEmailIsEmpty 
INFO - 2019-08-15 - 00:31:08 - Log4J - getNameFirstProperty 
INFO - 2019-08-15 - 00:31:08 - Log4J - userEmailNotValid 
INFO - 2019-08-15 - 00:31:08 - Log4J - getNameFirstProperty 
INFO - 2019-08-15 - 00:31:08 - Log4J - userPasswordIsEmpty 
INFO - 2019-08-15 - 00:31:08 - Log4J - getNameFirstProperty 
INFO - 2019-08-15 - 00:31:08 - Log4J - userPasswordIsNotValid 
INFO - 2019-08-15 - 00:31:08 - Log4J - getNameFirstProperty 
INFO - 2019-08-15 - 00:31:08 - Log4J - cart user id not empty test 
INFO - 2019-08-15 - 00:31:08 - Log4J - cart total price is negative 
INFO - 2019-08-15 - 00:32:19 - Log4J - UserControllerTest.setup 
INFO - 2019-08-15 - 00:32:19 - Log4J - should add user 
INFO - 2019-08-15 - 00:32:19 - Log4J - UserControllerTest.setup 
INFO - 2019-08-15 - 00:32:45 - Log4J - UserControllerTest.setup 
INFO - 2019-08-15 - 00:32:47 - Log4J - should add user 
INFO - 2019-08-15 - 00:32:47 - Log4J - UserControllerTest.setup 
INFO - 2019-08-15 - 00:32:47 - Log4J - HV000001: Hibernate Validator 6.0.2.Final 
INFO - 2019-08-15 - 00:32:47 - Log4J - items cart quantity negative 
INFO - 2019-08-15 - 00:32:47 - Log4J - items cart price negative 
INFO - 2019-08-15 - 00:32:47 - Log4J - items cart product id not empty test 
INFO - 2019-08-15 - 00:32:47 - Log4J - userNameIsEmpty 
INFO - 2019-08-15 - 00:32:47 - Log4J - getNameFirstProperty 
INFO - 2019-08-15 - 00:32:47 - Log4J - userEmailIsEmpty 
INFO - 2019-08-15 - 00:32:47 - Log4J - getNameFirstProperty 
INFO - 2019-08-15 - 00:32:47 - Log4J - userEmailNotValid 
INFO - 2019-08-15 - 00:32:48 - Log4J - getNameFirstProperty 
INFO - 2019-08-15 - 00:32:48 - Log4J - userPasswordIsEmpty 
INFO - 2019-08-15 - 00:32:48 - Log4J - getNameFirstProperty 
INFO - 2019-08-15 - 00:32:48 - Log4J - userPasswordIsNotValid 
INFO - 2019-08-15 - 00:32:48 - Log4J - getNameFirstProperty 
INFO - 2019-08-15 - 00:32:48 - Log4J - cart user id not empty test 
INFO - 2019-08-15 - 00:32:48 - Log4J - cart total price is negative 
INFO - 2019-08-15 - 00:53:49 - Log4J - UserControllerTest.setup 
INFO - 2019-08-15 - 00:53:50 - Log4J - should add user 
INFO - 2019-08-15 - 00:53:50 - Log4J - UserControllerTest.setup 
INFO - 2019-08-15 - 01:15:02 - Log4J - UserControllerTest.setup 
INFO - 2019-08-15 - 01:15:02 - Log4J - UserControllerTest.setup 
INFO - 2019-08-15 - 01:16:29 - Log4J - UserControllerTest.setup 
INFO - 2019-08-15 - 01:16:30 - Log4J - UserControllerTest.setup 
INFO - 2019-08-15 - 01:16:51 - Log4J - UserControllerTest.setup 
INFO - 2019-08-15 - 01:16:51 - Log4J - UserControllerTest.setup_1 
INFO - 2019-08-15 - 01:16:51 - Log4J - UserControllerTest.setup 
INFO - 2019-08-15 - 01:16:51 - Log4J - UserControllerTest.setup_1 
INFO - 2019-08-15 - 01:21:10 - Log4J - UserControllerTest.setup 
INFO - 2019-08-15 - 01:21:10 - Log4J - UserControllerTest.setup_1 
INFO - 2019-08-15 - 01:21:11 - Log4J - UserControllerTest.setup 
INFO - 2019-08-15 - 01:21:11 - Log4J - UserControllerTest.setup_1 
INFO - 2019-08-15 - 01:22:32 - Log4J - UserControllerTest.setup 
INFO - 2019-08-15 - 01:22:32 - Log4J - UserControllerTest.setup_1 
INFO - 2019-08-15 - 01:22:32 - Log4J - UserControllerTest.setup 
INFO - 2019-08-15 - 01:22:32 - Log4J - UserControllerTest.setup_1 
INFO - 2019-08-15 - 01:48:13 - Log4J - UserControllerTest.setup 
INFO - 2019-08-15 - 01:48:13 - Log4J - UserControllerTest.setup_1 
INFO - 2019-08-15 - 01:48:13 - Log4J - UserControllerTest.setup 
INFO - 2019-08-15 - 01:48:13 - Log4J - UserControllerTest.setup_1 
INFO - 2019-08-15 - 01:55:29 - Log4J - UserControllerTest.setup 
INFO - 2019-08-15 - 01:55:29 - Log4J - UserControllerTest.setup_1 
INFO - 2019-08-15 - 01:55:29 - Log4J - UserControllerTest.setup 
INFO - 2019-08-15 - 01:55:29 - Log4J - UserControllerTest.setup_1 
INFO - 2019-08-15 - 02:06:22 - Log4J - UserControllerTest.setup 
INFO - 2019-08-15 - 02:06:22 - Log4J - UserControllerTest.setup_1 
INFO - 2019-08-15 - 02:06:22 - Log4J - UserControllerTest.setup_2 
INFO - 2019-08-15 - 02:06:22 - Log4J - UserControllerTest.setup_3 
INFO - 2019-08-15 - 02:06:22 - Log4J - UserControllerTest.setup_4 
INFO - 2019-08-15 - 02:06:22 - Log4J - should add user 
INFO - 2019-08-15 - 02:06:22 - Log4J - UserControllerTest.setup 
INFO - 2019-08-15 - 02:06:22 - Log4J - UserControllerTest.setup_1 
INFO - 2019-08-15 - 02:06:22 - Log4J - UserControllerTest.setup_2 
INFO - 2019-08-15 - 02:06:22 - Log4J - UserControllerTest.setup_3 
INFO - 2019-08-15 - 02:06:22 - Log4J - UserControllerTest.setup_4 
INFO - 2019-08-15 - 02:08:47 - Log4J - UserControllerTest.setup 
INFO - 2019-08-15 - 02:08:47 - Log4J - UserControllerTest.setup_1 
INFO - 2019-08-15 - 02:08:47 - Log4J - UserControllerTest.setup_2 
INFO - 2019-08-15 - 02:08:47 - Log4J - UserControllerTest.setup_3 
INFO - 2019-08-15 - 02:08:47 - Log4J - UserControllerTest.setup_4 
INFO - 2019-08-15 - 02:08:47 - Log4J - should add user 
INFO - 2019-08-15 - 02:08:47 - Log4J - UserControllerTest.setup 
INFO - 2019-08-15 - 02:08:47 - Log4J - UserControllerTest.setup_1 
INFO - 2019-08-15 - 02:08:47 - Log4J - UserControllerTest.setup_2 
INFO - 2019-08-15 - 02:08:47 - Log4J - UserControllerTest.setup_3 
INFO - 2019-08-15 - 02:08:47 - Log4J - UserControllerTest.setup_4 
INFO - 2019-08-15 - 02:08:47 - Log4J - kotlin.Unit 
INFO - 2019-08-15 - 02:09:46 - Log4J - UserControllerTest.setup 
INFO - 2019-08-15 - 02:09:46 - Log4J - UserControllerTest.setup_1 
INFO - 2019-08-15 - 02:09:46 - Log4J - UserControllerTest.setup_2 
INFO - 2019-08-15 - 02:09:46 - Log4J - UserControllerTest.setup_3 
INFO - 2019-08-15 - 02:09:46 - Log4J - UserControllerTest.setup_4 
INFO - 2019-08-15 - 02:09:46 - Log4J - should add user 
INFO - 2019-08-15 - 02:09:46 - Log4J - UserControllerTest.setup 
INFO - 2019-08-15 - 02:09:46 - Log4J - UserControllerTest.setup_1 
INFO - 2019-08-15 - 02:09:46 - Log4J - UserControllerTest.setup_2 
INFO - 2019-08-15 - 02:09:46 - Log4J - UserControllerTest.setup_3 
INFO - 2019-08-15 - 02:09:46 - Log4J - UserControllerTest.setup_4 
INFO - 2019-08-15 - 02:09:46 - Log4J - kotlin.Unit 
INFO - 2019-08-15 - 02:09:46 - Log4J - EasyMock for class javax.servlet.http.HttpServletResponseWrapper 
INFO - 2019-08-15 - 02:10:32 - Log4J - UserControllerTest.setup 
INFO - 2019-08-15 - 02:10:32 - Log4J - UserControllerTest.setup_1 
INFO - 2019-08-15 - 02:10:32 - Log4J - UserControllerTest.setup_2 
INFO - 2019-08-15 - 02:10:33 - Log4J - UserControllerTest.setup_3 
INFO - 2019-08-15 - 02:10:33 - Log4J - UserControllerTest.setup_4 
INFO - 2019-08-15 - 02:10:33 - Log4J - should add user 
INFO - 2019-08-15 - 02:10:33 - Log4J - UserControllerTest.setup 
INFO - 2019-08-15 - 02:10:33 - Log4J - UserControllerTest.setup_1 
INFO - 2019-08-15 - 02:10:33 - Log4J - UserControllerTest.setup_2 
INFO - 2019-08-15 - 02:10:33 - Log4J - UserControllerTest.setup_3 
INFO - 2019-08-15 - 02:10:33 - Log4J - UserControllerTest.setup_4 
INFO - 2019-08-15 - 02:10:33 - Log4J - kotlin.Unit 
INFO - 2019-08-15 - 02:10:33 - Log4J -  
INFO - 2019-08-15 - 02:11:29 - Log4J - UserControllerTest.setup 
INFO - 2019-08-15 - 02:11:29 - Log4J - UserControllerTest.setup_1 
INFO - 2019-08-15 - 02:11:29 - Log4J - UserControllerTest.setup_2 
INFO - 2019-08-15 - 02:11:29 - Log4J - UserControllerTest.setup_3 
INFO - 2019-08-15 - 02:11:29 - Log4J - UserControllerTest.setup_4 
INFO - 2019-08-15 - 02:11:29 - Log4J - should add user 
INFO - 2019-08-15 - 02:11:29 - Log4J - UserControllerTest.setup 
INFO - 2019-08-15 - 02:11:29 - Log4J - UserControllerTest.setup_1 
INFO - 2019-08-15 - 02:11:29 - Log4J - UserControllerTest.setup_2 
INFO - 2019-08-15 - 02:11:29 - Log4J - UserControllerTest.setup_3 
INFO - 2019-08-15 - 02:11:29 - Log4J - UserControllerTest.setup_4 
INFO - 2019-08-15 - 02:11:29 - Log4J - kotlin.Unit 
INFO - 2019-08-15 - 02:11:29 - Log4J -  
INFO - 2019-08-15 - 02:29:39 - Log4J - UserControllerTest.setup 
INFO - 2019-08-15 - 02:29:39 - Log4J - UserControllerTest.setup_3 
INFO - 2019-08-15 - 02:29:39 - Log4J - UserControllerTest.setup_4 
INFO - 2019-08-15 - 02:29:39 - Log4J - should add user 
INFO - 2019-08-15 - 02:29:39 - Log4J - UserControllerTest.setup 
INFO - 2019-08-15 - 02:29:39 - Log4J - UserControllerTest.setup_3 
INFO - 2019-08-15 - 02:29:39 - Log4J - UserControllerTest.setup_4 
INFO - 2019-08-15 - 02:29:39 - Log4J - kotlin.Unit 
INFO - 2019-08-15 - 02:29:39 - Log4J -  
INFO - 2019-08-15 - 02:35:03 - Log4J - UserControllerTest.setup 
INFO - 2019-08-15 - 02:35:03 - Log4J - UserControllerTest.setup_3 
INFO - 2019-08-15 - 02:35:03 - Log4J - UserControllerTest.setup_4 
INFO - 2019-08-15 - 02:35:03 - Log4J - should add user 
INFO - 2019-08-15 - 02:35:03 - Log4J -  
INFO - 2019-08-15 - 02:35:03 - Log4J - UserControllerTest.setup 
INFO - 2019-08-15 - 02:35:03 - Log4J - UserControllerTest.setup_3 
INFO - 2019-08-15 - 02:35:03 - Log4J - UserControllerTest.setup_4 
INFO - 2019-08-15 - 02:35:03 - Log4J - kotlin.Unit 
INFO - 2019-08-15 - 02:35:03 - Log4J -  
INFO - 2019-08-15 - 02:56:51 - Log4J - UserControllerTest.setup 
INFO - 2019-08-15 - 02:56:51 - Log4J - UserControllerTest.setup_3 
INFO - 2019-08-15 - 02:56:51 - Log4J - UserControllerTest.setup_4 
INFO - 2019-08-15 - 02:56:51 - Log4J - should add user 
INFO - 2019-08-15 - 02:56:51 - Log4J - UserControllerTest.setup 
INFO - 2019-08-15 - 02:56:51 - Log4J - UserControllerTest.setup_3 
INFO - 2019-08-15 - 02:56:51 - Log4J - UserControllerTest.setup_4 
INFO - 2019-08-15 - 02:56:51 - Log4J - kotlin.Unit 
INFO - 2019-08-15 - 02:56:51 - Log4J -  
INFO - 2019-08-15 - 03:09:46 - Log4J - UserControllerTest.setup 
INFO - 2019-08-15 - 03:09:47 - Log4J - UserControllerTest.setup_3 
INFO - 2019-08-15 - 03:09:47 - Log4J - UserControllerTest.setup_4 
INFO - 2019-08-15 - 03:09:47 - Log4J - should add user 
INFO - 2019-08-15 - 03:09:47 - Log4J - UserControllerTest.setup 
INFO - 2019-08-15 - 03:09:47 - Log4J - UserControllerTest.setup_3 
INFO - 2019-08-15 - 03:09:47 - Log4J - UserControllerTest.setup_4 
INFO - 2019-08-15 - 03:09:47 - Log4J - kotlin.Unit 
INFO - 2019-08-15 - 03:09:47 - Log4J -  
INFO - 2019-08-15 - 03:10:37 - Log4J - UserControllerTest.setup 
INFO - 2019-08-15 - 03:10:37 - Log4J - UserControllerTest.setup_3 
INFO - 2019-08-15 - 03:10:37 - Log4J - UserControllerTest.setup_4 
INFO - 2019-08-15 - 03:10:37 - Log4J - should add user 
INFO - 2019-08-15 - 03:10:37 - Log4J - UserControllerTest.setup 
INFO - 2019-08-15 - 03:10:37 - Log4J - UserControllerTest.setup_3 
INFO - 2019-08-15 - 03:10:37 - Log4J - UserControllerTest.setup_4 
INFO - 2019-08-15 - 03:10:37 - Log4J - kotlin.Unit 
INFO - 2019-08-15 - 03:10:37 - Log4J -  
INFO - 2019-08-15 - 03:11:18 - Log4J - UserControllerTest.setup 
INFO - 2019-08-15 - 03:11:18 - Log4J - UserControllerTest.setup_3 
INFO - 2019-08-15 - 03:11:18 - Log4J - UserControllerTest.setup_4 
INFO - 2019-08-15 - 03:11:18 - Log4J - should add user 
INFO - 2019-08-15 - 03:11:18 - Log4J - UserControllerTest.setup 
INFO - 2019-08-15 - 03:11:18 - Log4J - UserControllerTest.setup_3 
INFO - 2019-08-15 - 03:11:18 - Log4J - UserControllerTest.setup_4 
INFO - 2019-08-15 - 03:11:18 - Log4J - kotlin.Unit 
INFO - 2019-08-15 - 03:11:18 - Log4J -  
INFO - 2019-08-15 - 03:13:38 - Log4J - UserControllerTest.setup 
INFO - 2019-08-15 - 03:13:38 - Log4J - UserControllerTest.setup_3 
INFO - 2019-08-15 - 03:13:38 - Log4J - UserControllerTest.setup_4 
INFO - 2019-08-15 - 03:13:38 - Log4J - should add user 
INFO - 2019-08-15 - 03:13:38 - Log4J - UserControllerTest.setup 
INFO - 2019-08-15 - 03:13:38 - Log4J - UserControllerTest.setup_3 
INFO - 2019-08-15 - 03:13:38 - Log4J - UserControllerTest.setup_4 
INFO - 2019-08-15 - 03:13:38 - Log4J - kotlin.Unit 
INFO - 2019-08-15 - 03:13:38 - Log4J -  
INFO - 2019-08-15 - 05:53:38 - Log4J - UserServiceTest.setup 
INFO - 2019-08-15 - 05:53:38 - Log4J - UserServiceTest.setup 
INFO - 2019-08-15 - 05:54:19 - Log4J - UserServiceTest.setup 
INFO - 2019-08-15 - 05:54:19 - Log4J - UserServiceTest.setup 
INFO - 2019-08-15 - 05:54:48 - Log4J - UserServiceTest.setup 
INFO - 2019-08-15 - 05:54:48 - Log4J - should add user 
INFO - 2019-08-15 - 05:54:48 - Log4J - user added successful 
INFO - 2019-08-15 - 05:54:48 - Log4J - UserServiceTest.setup 
INFO - 2019-08-15 - 05:54:48 - Log4J - should get user by id 
INFO - 2019-08-15 - 05:54:48 - Log4J - successful user return 
INFO - 2019-08-15 - 05:57:40 - Log4J - UserServiceTest.setup 
INFO - 2019-08-15 - 05:57:40 - Log4J - should add user 
INFO - 2019-08-15 - 05:57:40 - Log4J - user added successful 
INFO - 2019-08-15 - 05:57:40 - Log4J - UserServiceTest.setup 
INFO - 2019-08-15 - 05:57:40 - Log4J - should get user by id 
INFO - 2019-08-15 - 05:57:40 - Log4J - successful user return 
INFO - 2019-08-15 - 05:59:27 - Log4J - UserServiceTest.setup 
INFO - 2019-08-15 - 05:59:27 - Log4J - should add user 
INFO - 2019-08-15 - 05:59:27 - Log4J - user added successful 
INFO - 2019-08-15 - 05:59:27 - Log4J - UserServiceTest.setup 
INFO - 2019-08-15 - 05:59:27 - Log4J - should get user by id 
INFO - 2019-08-15 - 05:59:27 - Log4J - successful user return 
INFO - 2019-08-15 - 06:03:40 - Log4J - UserServiceTest.setup 
INFO - 2019-08-15 - 06:03:40 - Log4J - should add user 
INFO - 2019-08-15 - 06:03:40 - Log4J - user added successful 
INFO - 2019-08-15 - 06:03:40 - Log4J - UserServiceTest.setup 
INFO - 2019-08-15 - 06:03:40 - Log4J - should get user by id 
INFO - 2019-08-15 - 06:03:40 - Log4J - successful user return 
